2019-01-10 20:32:01 [scrapy.core.engine] ERROR: Error while obtaining start requests
Traceback (most recent call last):
  File "C:\Users\xizhi\Envs\pyall\lib\site-packages\scrapy\core\engine.py", line 127, in _next_request
    request = next(slot.start_requests)
  File "C:\Users\xizhi\Envs\pyall\lib\site-packages\scrapy\spiders\__init__.py", line 83, in start_requests
    yield Request(url, dont_filter=True)
  File "C:\Users\xizhi\Envs\pyall\lib\site-packages\scrapy\http\request\__init__.py", line 25, in __init__
    self._set_url(url)
  File "C:\Users\xizhi\Envs\pyall\lib\site-packages\scrapy\http\request\__init__.py", line 62, in _set_url
    raise ValueError('Missing scheme in request url: %s' % self._url)
ValueError: Missing scheme in request url: h
2019-01-10 20:50:32 [scrapy.core.scraper] ERROR: Spider error processing <GET https://nj.lianjia.com/xiaoqu/> (referer: None)
Traceback (most recent call last):
  File "C:\Users\xizhi\Envs\pyall\lib\site-packages\scrapy\utils\defer.py", line 102, in iter_errback
    yield next(it)
  File "C:\Users\xizhi\Envs\pyall\lib\site-packages\scrapy\spidermiddlewares\offsite.py", line 30, in process_spider_output
    for x in result:
  File "C:\Users\xizhi\Envs\pyall\lib\site-packages\scrapy\spidermiddlewares\referer.py", line 339, in <genexpr>
    return (_set_referer(r) for r in result or ())
  File "C:\Users\xizhi\Envs\pyall\lib\site-packages\scrapy\spidermiddlewares\urllength.py", line 37, in <genexpr>
    return (r for r in result or () if _filter(r))
  File "C:\Users\xizhi\Envs\pyall\lib\site-packages\scrapy\spidermiddlewares\depth.py", line 58, in <genexpr>
    return (r for r in result or () if _filter(r))
  File "E:\gitee\HousePrice\House\House\spiders\house_nj.py", line 32, in parse
    xiaoqu_url = ''.join([self.local_url, xiaoqu.xpath('./@href')])
TypeError: sequence item 1: expected str instance, SelectorList found
2019-01-10 20:51:00 [scrapy.core.scraper] ERROR: Spider error processing <GET https://nj.lianjia.com/xiaoqu/> (referer: None)
Traceback (most recent call last):
  File "C:\Users\xizhi\Envs\pyall\lib\site-packages\scrapy\utils\defer.py", line 102, in iter_errback
    yield next(it)
  File "C:\Users\xizhi\Envs\pyall\lib\site-packages\scrapy\spidermiddlewares\offsite.py", line 30, in process_spider_output
    for x in result:
  File "C:\Users\xizhi\Envs\pyall\lib\site-packages\scrapy\spidermiddlewares\referer.py", line 339, in <genexpr>
    return (_set_referer(r) for r in result or ())
  File "C:\Users\xizhi\Envs\pyall\lib\site-packages\scrapy\spidermiddlewares\urllength.py", line 37, in <genexpr>
    return (r for r in result or () if _filter(r))
  File "C:\Users\xizhi\Envs\pyall\lib\site-packages\scrapy\spidermiddlewares\depth.py", line 58, in <genexpr>
    return (r for r in result or () if _filter(r))
  File "E:\gitee\HousePrice\House\House\spiders\house_nj.py", line 32, in parse
    xiaoqu_url = ''.join([self.local_url, xiaoqu.xpath('./@href')])
TypeError: sequence item 1: expected str instance, SelectorList found
2019-01-10 20:51:09 [scrapy.utils.log] INFO: Scrapy 1.5.1 started (bot: House)
2019-01-10 20:51:09 [scrapy.utils.log] INFO: Versions: lxml 4.2.3.0, libxml2 2.9.5, cssselect 1.0.3, parsel 1.5.0, w3lib 1.19.0, Twisted 18.4.0, Python 3.6.5 (v3.6.5:f59c0932b4, Mar 28 2018, 17:00:18) [MSC v.1900 64 bit (AMD64)], pyOpenSSL 18.0.0 (OpenSSL 1.1.0h  27 Mar 2018), cryptography 2.2.2, Platform Windows-10-10.0.17134-SP0
2019-01-10 20:51:09 [scrapy.crawler] INFO: Overridden settings: {'BOT_NAME': 'House', 'LOG_FILE': './log.log', 'NEWSPIDER_MODULE': 'House.spiders', 'SPIDER_MODULES': ['House.spiders']}
2019-01-10 20:51:09 [scrapy.middleware] INFO: Enabled extensions:
['scrapy.extensions.corestats.CoreStats',
 'scrapy.extensions.telnet.TelnetConsole',
 'scrapy.extensions.logstats.LogStats']
2019-01-10 20:51:09 [scrapy.middleware] INFO: Enabled downloader middlewares:
['scrapy.downloadermiddlewares.httpauth.HttpAuthMiddleware',
 'scrapy.downloadermiddlewares.downloadtimeout.DownloadTimeoutMiddleware',
 'scrapy.downloadermiddlewares.defaultheaders.DefaultHeadersMiddleware',
 'scrapy.downloadermiddlewares.useragent.UserAgentMiddleware',
 'scrapy.downloadermiddlewares.retry.RetryMiddleware',
 'scrapy.downloadermiddlewares.redirect.MetaRefreshMiddleware',
 'scrapy.downloadermiddlewares.httpcompression.HttpCompressionMiddleware',
 'scrapy.downloadermiddlewares.redirect.RedirectMiddleware',
 'scrapy.downloadermiddlewares.cookies.CookiesMiddleware',
 'scrapy.downloadermiddlewares.httpproxy.HttpProxyMiddleware',
 'scrapy.downloadermiddlewares.stats.DownloaderStats']
2019-01-10 20:51:09 [scrapy.middleware] INFO: Enabled spider middlewares:
['scrapy.spidermiddlewares.httperror.HttpErrorMiddleware',
 'scrapy.spidermiddlewares.offsite.OffsiteMiddleware',
 'scrapy.spidermiddlewares.referer.RefererMiddleware',
 'scrapy.spidermiddlewares.urllength.UrlLengthMiddleware',
 'scrapy.spidermiddlewares.depth.DepthMiddleware']
2019-01-10 20:51:09 [scrapy.middleware] INFO: Enabled item pipelines:
[]
2019-01-10 20:51:09 [scrapy.core.engine] INFO: Spider opened
2019-01-10 20:51:09 [scrapy.extensions.logstats] INFO: Crawled 0 pages (at 0 pages/min), scraped 0 items (at 0 items/min)
2019-01-10 20:51:09 [scrapy.extensions.telnet] DEBUG: Telnet console listening on 127.0.0.1:6023
2019-01-10 20:51:10 [scrapy.core.engine] DEBUG: Crawled (200) <GET https://nj.lianjia.com/xiaoqu/> (referer: None)
2019-01-10 20:51:11 [scrapy.core.scraper] ERROR: Spider error processing <GET https://nj.lianjia.com/xiaoqu/> (referer: None)
Traceback (most recent call last):
  File "C:\Users\xizhi\Envs\pyall\lib\site-packages\scrapy\utils\defer.py", line 102, in iter_errback
    yield next(it)
  File "C:\Users\xizhi\Envs\pyall\lib\site-packages\scrapy\spidermiddlewares\offsite.py", line 30, in process_spider_output
    for x in result:
  File "C:\Users\xizhi\Envs\pyall\lib\site-packages\scrapy\spidermiddlewares\referer.py", line 339, in <genexpr>
    return (_set_referer(r) for r in result or ())
  File "C:\Users\xizhi\Envs\pyall\lib\site-packages\scrapy\spidermiddlewares\urllength.py", line 37, in <genexpr>
    return (r for r in result or () if _filter(r))
  File "C:\Users\xizhi\Envs\pyall\lib\site-packages\scrapy\spidermiddlewares\depth.py", line 58, in <genexpr>
    return (r for r in result or () if _filter(r))
  File "E:\gitee\HousePrice\House\House\spiders\house_nj.py", line 32, in parse
    xiaoqu_url = ''.join([self.local_url, xiaoqu.xpath('./@href')])
TypeError: sequence item 1: expected str instance, SelectorList found
2019-01-10 20:51:11 [scrapy.core.engine] INFO: Closing spider (finished)
2019-01-10 20:51:11 [scrapy.statscollectors] INFO: Dumping Scrapy stats:
{'downloader/request_bytes': 424,
 'downloader/request_count': 1,
 'downloader/request_method_count/GET': 1,
 'downloader/response_bytes': 26150,
 'downloader/response_count': 1,
 'downloader/response_status_count/200': 1,
 'finish_reason': 'finished',
 'finish_time': datetime.datetime(2019, 1, 10, 12, 51, 11, 50407),
 'log_count/DEBUG': 2,
 'log_count/ERROR': 1,
 'log_count/INFO': 7,
 'response_received_count': 1,
 'scheduler/dequeued': 1,
 'scheduler/dequeued/memory': 1,
 'scheduler/enqueued': 1,
 'scheduler/enqueued/memory': 1,
 'spider_exceptions/TypeError': 1,
 'start_time': datetime.datetime(2019, 1, 10, 12, 51, 9, 402300)}
2019-01-10 20:51:11 [scrapy.core.engine] INFO: Spider closed (finished)
2019-01-10 20:53:30 [scrapy.utils.log] INFO: Scrapy 1.5.1 started (bot: House)
2019-01-10 20:53:30 [scrapy.utils.log] INFO: Versions: lxml 4.2.3.0, libxml2 2.9.5, cssselect 1.0.3, parsel 1.5.0, w3lib 1.19.0, Twisted 18.4.0, Python 3.6.5 (v3.6.5:f59c0932b4, Mar 28 2018, 17:00:18) [MSC v.1900 64 bit (AMD64)], pyOpenSSL 18.0.0 (OpenSSL 1.1.0h  27 Mar 2018), cryptography 2.2.2, Platform Windows-10-10.0.17134-SP0
2019-01-10 20:53:30 [scrapy.crawler] INFO: Overridden settings: {'BOT_NAME': 'House', 'LOG_FILE': './log.log', 'NEWSPIDER_MODULE': 'House.spiders', 'SPIDER_MODULES': ['House.spiders']}
2019-01-10 20:53:30 [scrapy.middleware] INFO: Enabled extensions:
['scrapy.extensions.corestats.CoreStats',
 'scrapy.extensions.telnet.TelnetConsole',
 'scrapy.extensions.logstats.LogStats']
2019-01-10 20:53:30 [scrapy.middleware] INFO: Enabled downloader middlewares:
['scrapy.downloadermiddlewares.httpauth.HttpAuthMiddleware',
 'scrapy.downloadermiddlewares.downloadtimeout.DownloadTimeoutMiddleware',
 'scrapy.downloadermiddlewares.defaultheaders.DefaultHeadersMiddleware',
 'scrapy.downloadermiddlewares.useragent.UserAgentMiddleware',
 'scrapy.downloadermiddlewares.retry.RetryMiddleware',
 'scrapy.downloadermiddlewares.redirect.MetaRefreshMiddleware',
 'scrapy.downloadermiddlewares.httpcompression.HttpCompressionMiddleware',
 'scrapy.downloadermiddlewares.redirect.RedirectMiddleware',
 'scrapy.downloadermiddlewares.cookies.CookiesMiddleware',
 'scrapy.downloadermiddlewares.httpproxy.HttpProxyMiddleware',
 'scrapy.downloadermiddlewares.stats.DownloaderStats']
2019-01-10 20:53:30 [scrapy.middleware] INFO: Enabled spider middlewares:
['scrapy.spidermiddlewares.httperror.HttpErrorMiddleware',
 'scrapy.spidermiddlewares.offsite.OffsiteMiddleware',
 'scrapy.spidermiddlewares.referer.RefererMiddleware',
 'scrapy.spidermiddlewares.urllength.UrlLengthMiddleware',
 'scrapy.spidermiddlewares.depth.DepthMiddleware']
2019-01-10 20:53:30 [scrapy.middleware] INFO: Enabled item pipelines:
[]
2019-01-10 20:53:30 [scrapy.core.engine] INFO: Spider opened
2019-01-10 20:53:30 [scrapy.extensions.logstats] INFO: Crawled 0 pages (at 0 pages/min), scraped 0 items (at 0 items/min)
2019-01-10 20:53:30 [scrapy.extensions.telnet] DEBUG: Telnet console listening on 127.0.0.1:6023
2019-01-10 20:53:31 [scrapy.core.engine] DEBUG: Crawled (200) <GET https://nj.lianjia.com/xiaoqu/> (referer: None)
2019-01-10 20:53:31 [scrapy.spidermiddlewares.offsite] DEBUG: Filtered offsite request to 'nj.lianjia.com': <GET https://nj.lianjia.com/xiaoqu/gulou/>
2019-01-10 20:53:31 [scrapy.core.engine] INFO: Closing spider (finished)
2019-01-10 20:53:31 [scrapy.statscollectors] INFO: Dumping Scrapy stats:
{'downloader/request_bytes': 424,
 'downloader/request_count': 1,
 'downloader/request_method_count/GET': 1,
 'downloader/response_bytes': 27575,
 'downloader/response_count': 1,
 'downloader/response_status_count/200': 1,
 'finish_reason': 'finished',
 'finish_time': datetime.datetime(2019, 1, 10, 12, 53, 31, 300330),
 'log_count/DEBUG': 3,
 'log_count/INFO': 7,
 'offsite/domains': 1,
 'offsite/filtered': 11,
 'request_depth_max': 1,
 'response_received_count': 1,
 'scheduler/dequeued': 1,
 'scheduler/dequeued/memory': 1,
 'scheduler/enqueued': 1,
 'scheduler/enqueued/memory': 1,
 'start_time': datetime.datetime(2019, 1, 10, 12, 53, 30, 631527)}
2019-01-10 20:53:31 [scrapy.core.engine] INFO: Spider closed (finished)
